<?xml version="1.0" encoding="UTF-8"?>
<!-- Generated by org.testng.reporters.JUnitXMLReporter -->
<testsuite ignored="4" hostname="DESKTOP-939NM2N" failures="0" tests="9" name="Data Entry Tests" time="789.786" errors="0" timestamp="2025-09-01T19:38:17 BDT">
  <testcase classname="gaia.tests.DataEntry.SampleTest" name="runSampleTest1" time="139.479"/>
  <testcase classname="gaia.tests.DataEntry.SampleTest" name="runSampleTest2" time="74.663"/>
  <testcase classname="gaia.tests.DataEntry.SampleTest" name="runSampleTest3" time="73.894"/>
  <testcase classname="gaia.tests.DataEntry.SampleTest" name="runSampleTest4" time="56.64"/>
  <testcase classname="gaia.tests.DataEntry.SampleTest" name="runSampleTest5" time="116.225"/>
  <testcase classname="gaia.tests.DataEntry.SampleTest" name="runSampleTest6" time="22.209"/>
  <testcase classname="gaia.tests.DataEntry.SampleTest" name="runSampleTest7" time="44.432"/>
  <testcase classname="gaia.tests.DataEntry.TEMDataTest" name="runTEMDataTest1" time="6.163"/>
  <testcase classname="gaia.tests.DataEntry.PCMDataTest" name="runPCMDataTest1" time="226.904"/>
  <testcase classname="gaia.tests.Global.BaseTest" name="@AfterSuite globalTeardown" time="0.0">
    <ignored/>
  </testcase> <!-- @AfterSuite globalTeardown -->
  <testcase classname="gaia.tests.Global.BaseTest" name="@BeforeSuite globalSetup" time="0.0">
    <ignored/>
  </testcase> <!-- @BeforeSuite globalSetup -->
  <testcase classname="gaia.tests.Global.BaseTest" name="@BeforeSuite globalSetup" time="0.0">
    <ignored/>
  </testcase> <!-- @BeforeSuite globalSetup -->
  <testcase classname="gaia.tests.Global.BaseTest" name="@AfterSuite globalTeardown" time="0.0">
    <ignored/>
  </testcase> <!-- @AfterSuite globalTeardown -->
</testsuite> <!-- Data Entry Tests -->
