<?xml version="1.0" encoding="UTF-8"?>
<!-- Generated by org.testng.reporters.JUnitXMLReporter -->
<testsuite ignored="2" hostname="DESKTOP-939NM2N" failures="0" tests="2" name="Data Entry Tests" time="276.066" errors="0" timestamp="2025-08-28T19:24:03 BDT">
  <testcase classname="gaia.tests.DataEntry.SampleTest" name="runSampleTest1" time="221.319"/>
  <testcase classname="gaia.tests.DataEntry.TEMDataTest" name="runTEMDataTest1" time="9.808"/>
  <testcase classname="gaia.tests.Global.BaseTest" name="@BeforeSuite globalSetup" time="0.0">
    <ignored/>
  </testcase> <!-- @BeforeSuite globalSetup -->
  <testcase classname="gaia.tests.Global.BaseTest" name="@AfterSuite globalTeardown" time="0.0">
    <ignored/>
  </testcase> <!-- @AfterSuite globalTeardown -->
</testsuite> <!-- Data Entry Tests -->
