<?xml version="1.0" encoding="UTF-8"?>
<!-- Generated by org.testng.reporters.JUnitXMLReporter -->
<testsuite ignored="0" hostname="DESKTOP-939NM2N" failures="0" tests="4" name="Surefire test" time="542.91" errors="0" timestamp="2025-09-03T17:49:41 BDT">
  <testcase classname="gaia.tests.DataEntry.TEMDataTest" name="runTEMDataTest1" time="286.216"/>
  <testcase classname="gaia.tests.DataEntry.TEMDataTest" name="runTEMDataTest2" time="48.896"/>
  <testcase classname="gaia.tests.DataEntry.TEMDataTest" name="runTEMDataTest3" time="68.236"/>
  <testcase classname="gaia.tests.DataEntry.TEMDataTest" name="runTEMDataTest4" time="139.483"/>
</testsuite> <!-- Surefire test -->
