<?xml version="1.0" encoding="UTF-8"?>
<!-- Generated by org.testng.reporters.JUnitXMLReporter -->
<testsuite ignored="0" hostname="DESKTOP-939NM2N" failures="0" tests="3" name="Surefire test" time="74.843" errors="0" timestamp="2025-09-08T16:02:59 BDT">
  <testcase classname="gaia.tests.DataEntry.PCMDataTest" name="runPCMDataTest1" time="73.519"/>
  <testcase classname="gaia.tests.DataEntry.PCMDataTest" name="runPCMDataTest2" time="1.107"/>
  <testcase classname="gaia.tests.DataEntry.PCMDataTest" name="runPCMDataTest3" time="0.133"/>
</testsuite> <!-- Surefire test -->
