<?xml version="1.0" encoding="UTF-8"?>
<testsuite xmlns:xsi="http://www.w3.org/2001/XMLSchema-instance" xsi:noNamespaceSchemaLocation="https://maven.apache.org/surefire/maven-surefire-plugin/xsd/surefire-test-report-3.0.xsd" version="3.0" name="gaia.tests.DataEntry.PCMDataTest" time="85.845" tests="3" errors="0" skipped="0" failures="0">
  <properties>
[...]
</properties>
  <testcase name="runPCMDataTest1" classname="gaia.tests.DataEntry.PCMDataTest" time="73.518">
    <system-out><![CDATA[Row 1 - Customer ID filled with value: C1
Row 2 - Customer ID already filled with value: C2
Row 1 - Pump Rate (LPM) / Volume (L) already filled with value: 1
Row 2 - Pump Rate (LPM) / Volume (L) already filled with value: 2
Row 1 - Pump Time (min.) already filled with value: 1
Row 2 - Pump Time (min.) already filled with value: 2
Row 1 - Volume Unit selected: L
Row 2 - Volume Unit selected: L
Row 1 - Time Unit selected: min.
All fields in the table are successfully filled!
Test 1 completed in 73.518 seconds
]]></system-out>
    <system-err><![CDATA[Sep 08, 2025 4:01:44 PM io.appium.java_client.remote.AppiumCommandExecutor$1 lambda$0
INFO: Detected dialect: OSS
Sep 08, 2025 4:01:44 PM io.appium.java_client.remote.AppiumCommandExecutor$1 lambda$0
INFO: Detected dialect: OSS
]]></system-err>
  </testcase>
  <testcase name="runPCMDataTest2" classname="gaia.tests.DataEntry.PCMDataTest" time="1.107">
    <system-out><![CDATA[Test 1 completed in 1.105 seconds
]]></system-out>
    <system-err><![CDATA[Screenshot capture failed: An unknown error occurred in the remote end while processing the command. (WARNING: The server did not provide any stacktrace information)
Command duration or timeout: 0 milliseconds
Build info: version: '3.141.59', revision: 'e82be7d358', time: '2018-11-14T08:17:03'
System info: host: 'DESKTOP-939NM2N', ip: '10.112.20.127', os.name: 'Windows 10', os.arch: 'amd64', os.version: '10.0', java.version: '21.0.8'
Driver info: io.appium.java_client.windows.WindowsDriver
Capabilities {appTopLevelWindow: 0x001008E8, javascriptEnabled: true, platform: WINDOWS, platformName: Windows}
Session ID: 27E96B9E-D661-48C4-A8CA-D1FB50E45791
]]></system-err>
  </testcase>
  <testcase name="runPCMDataTest3" classname="gaia.tests.DataEntry.PCMDataTest" time="0.134">
    <system-out><![CDATA[Test 1 completed in 0.133 seconds
]]></system-out>
    <system-err><![CDATA[Screenshot capture failed: An unknown error occurred in the remote end while processing the command. (WARNING: The server did not provide any stacktrace information)
Command duration or timeout: 0 milliseconds
Build info: version: '3.141.59', revision: 'e82be7d358', time: '2018-11-14T08:17:03'
System info: host: 'DESKTOP-939NM2N', ip: '10.112.20.127', os.name: 'Windows 10', os.arch: 'amd64', os.version: '10.0', java.version: '21.0.8'
Driver info: io.appium.java_client.windows.WindowsDriver
Capabilities {appTopLevelWindow: 0x001008E8, javascriptEnabled: true, platform: WINDOWS, platformName: Windows}
Session ID: 27E96B9E-D661-48C4-A8CA-D1FB50E45791
]]></system-err>
  </testcase>
</testsuite>