<?xml version="1.0" encoding="UTF-8"?>
<testng-results ignored="0" total="2" passed="2" failed="0" skipped="0">
  <reporter-output>
  </reporter-output>
  <suite started-at="2025-09-03T15:35:10 BDT" name="Surefire suite" finished-at="2025-09-03T15:36:06 BDT" duration-ms="55609">
    <groups>
    </groups>
    <test started-at="2025-09-03T15:35:10 BDT" name="Surefire test" finished-at="2025-09-03T15:36:06 BDT" duration-ms="55609">
      <class name="gaia.tests.DataEntry.PCMDataTest">
        <test-method is-config="true" signature="globalSetup()[pri:0, instance:gaia.tests.DataEntry.PCMDataTest@2c383e33]" started-at="2025-09-03T15:34:57 BDT" name="globalSetup" finished-at="2025-09-03T15:35:10 BDT" duration-ms="13526" status="PASS">
          <reporter-output>
          </reporter-output>
        </test-method> <!-- globalSetup -->
        <test-method is-config="true" signature="initializeDataEntrySessionOnce()[pri:0, instance:gaia.tests.DataEntry.PCMDataTest@2c383e33]" started-at="2025-09-03T15:35:11 BDT" name="initializeDataEntrySessionOnce" finished-at="2025-09-03T15:35:11 BDT" duration-ms="14" status="PASS">
          <reporter-output>
          </reporter-output>
        </test-method> <!-- initializeDataEntrySessionOnce -->
        <test-method signature="runPCMDataTest1()[pri:0, instance:gaia.tests.DataEntry.PCMDataTest@2c383e33]" started-at="2025-09-03T15:35:11 BDT" name="runPCMDataTest1" finished-at="2025-09-03T15:35:29 BDT" duration-ms="18750" status="PASS">
          <reporter-output>
          </reporter-output>
        </test-method> <!-- runPCMDataTest1 -->
        <test-method signature="runPCMDataTest2()[pri:0, instance:gaia.tests.DataEntry.PCMDataTest@2c383e33]" started-at="2025-09-03T15:35:29 BDT" name="runPCMDataTest2" finished-at="2025-09-03T15:36:06 BDT" duration-ms="36759" status="PASS">
          <reporter-output>
          </reporter-output>
        </test-method> <!-- runPCMDataTest2 -->
        <test-method is-config="true" signature="globalTeardown()[pri:0, instance:gaia.tests.DataEntry.PCMDataTest@2c383e33]" started-at="2025-09-03T15:36:06 BDT" name="globalTeardown" finished-at="2025-09-03T15:36:08 BDT" duration-ms="2222" status="PASS">
          <reporter-output>
          </reporter-output>
        </test-method> <!-- globalTeardown -->
      </class> <!-- gaia.tests.DataEntry.PCMDataTest -->
    </test> <!-- Surefire test -->
  </suite> <!-- Surefire suite -->
</testng-results>
